<?xml version="1.0" encoding="UTF-8"?>
<testng-results ignored="0" total="18" passed="18" failed="0" skipped="0">
  <reporter-output>
  </reporter-output>
  <suite started-at="2024-02-29T15:16:09 IST" name="Suite" finished-at="2024-02-29T15:18:00 IST" duration-ms="110602">
    <groups>
      <group name="regression">
        <method signature="TC_01_itemToBeSearched.openBrowser()[pri:1, instance:testCases.TC_01_itemToBeSearched@77fbd92c]" name="openBrowser" class="testCases.TC_01_itemToBeSearched"/>
        <method signature="TC_01_itemToBeSearched.getItemName()[pri:2, instance:testCases.TC_01_itemToBeSearched@77fbd92c]" name="getItemName" class="testCases.TC_01_itemToBeSearched"/>
        <method signature="TC_01_itemToBeSearched.closePopUp()[pri:3, instance:testCases.TC_01_itemToBeSearched@77fbd92c]" name="closePopUp" class="testCases.TC_01_itemToBeSearched"/>
        <method signature="TC_02_conditions.select_the_price_range_below_fifteen_thousand()[pri:4, instance:testCases.TC_02_conditions@55183b20]" name="select_the_price_range_below_fifteen_thousand" class="testCases.TC_02_conditions"/>
        <method signature="TC_02_conditions.chooses_the_category_kid_bookshelves()[pri:5, instance:testCases.TC_02_conditions@55183b20]" name="chooses_the_category_kid_bookshelves" class="testCases.TC_02_conditions"/>
        <method signature="TC_02_conditions.exclude_out_of_stock()[pri:6, instance:testCases.TC_02_conditions@55183b20]" name="exclude_out_of_stock" class="testCases.TC_02_conditions"/>
        <method signature="TC_02_conditions.sorts_by_price_high_to_low()[pri:7, instance:testCases.TC_02_conditions@55183b20]" name="sorts_by_price_high_to_low" class="testCases.TC_02_conditions"/>
        <method signature="TC_03_getItems.fetch_the_top_three_items_print_all_details_in_console_output()[pri:8, instance:testCases.TC_03_getItems@4f83df68]" name="fetch_the_top_three_items_print_all_details_in_console_output" class="testCases.TC_03_getItems"/>
        <method signature="TC_04_living.user_clicks_on_the_living_menu()[pri:9, instance:testCases.TC_04_living@6cf0e0ba]" name="user_clicks_on_the_living_menu" class="testCases.TC_04_living"/>
        <method signature="TC_04_living.retrieve_all_items_under_living_storage_sub_menu_and_print_the_same_on_the_console()[pri:10, instance:testCases.TC_04_living@6cf0e0ba]" name="retrieve_all_items_under_living_storage_sub_menu_and_print_the_same_on_the_console" class="testCases.TC_04_living"/>
        <method signature="TC_05_giftCard.chooses_birthday_or_anniversary()[pri:12, instance:testCases.TC_05_giftCard@7d8995e]" name="chooses_birthday_or_anniversary" class="testCases.TC_05_giftCard"/>
        <method signature="TC_05_giftCard.enters_the_valid_amount_month_and_date()[pri:13, instance:testCases.TC_05_giftCard@7d8995e]" name="enters_the_valid_amount_month_and_date" class="testCases.TC_05_giftCard"/>
        <method signature="TC_05_giftCard.fills_to_from_details()[pri:15, instance:testCases.TC_05_giftCard@7d8995e]" name="fills_to_from_details" class="testCases.TC_05_giftCard"/>
        <method signature="TC_06_validation.validate_the_email_id()[pri:16, instance:testCases.TC_06_validation@130d63be]" name="validate_the_email_id" class="testCases.TC_06_validation"/>
        <method signature="TC_06_validation.the_id_is_not_valid_and_user_gives_correct_email_id()[pri:17, instance:testCases.TC_06_validation@130d63be]" name="the_id_is_not_valid_and_user_gives_correct_email_id" class="testCases.TC_06_validation"/>
        <method signature="TC_07_confirmDetails.confirm_the_details_in_confirm_details_section()[pri:18, instance:testCases.TC_07_confirmDetails@42a48628]" name="confirm_the_details_in_confirm_details_section" class="testCases.TC_07_confirmDetails"/>
      </group> <!-- regression -->
      <group name="smoke">
        <method signature="TC_01_itemToBeSearched.openBrowser()[pri:1, instance:testCases.TC_01_itemToBeSearched@77fbd92c]" name="openBrowser" class="testCases.TC_01_itemToBeSearched"/>
        <method signature="TC_05_giftCard.user_clicks_on_gift_cards()[pri:11, instance:testCases.TC_05_giftCard@7d8995e]" name="user_clicks_on_gift_cards" class="testCases.TC_05_giftCard"/>
        <method signature="TC_05_giftCard.clicks_on_the_next_button()[pri:14, instance:testCases.TC_05_giftCard@7d8995e]" name="clicks_on_the_next_button" class="testCases.TC_05_giftCard"/>
        <method signature="TC_05_giftCard.fills_to_from_details()[pri:15, instance:testCases.TC_05_giftCard@7d8995e]" name="fills_to_from_details" class="testCases.TC_05_giftCard"/>
        <method signature="TC_07_confirmDetails.confirm_the_details_in_confirm_details_section()[pri:18, instance:testCases.TC_07_confirmDetails@42a48628]" name="confirm_the_details_in_confirm_details_section" class="testCases.TC_07_confirmDetails"/>
      </group> <!-- smoke -->
    </groups>
    <test started-at="2024-02-29T15:16:09 IST" name="Chrome" finished-at="2024-02-29T15:18:00 IST" duration-ms="110602">
      <class name="testCases.TC_02_conditions">
        <test-method signature="select_the_price_range_below_fifteen_thousand()[pri:4, instance:testCases.TC_02_conditions@55183b20]" started-at="2024-02-29T15:16:37 IST" name="select_the_price_range_below_fifteen_thousand" finished-at="2024-02-29T15:16:41 IST" duration-ms="4304" status="PASS">
          <reporter-output>
          </reporter-output>
        </test-method> <!-- select_the_price_range_below_fifteen_thousand -->
        <test-method signature="chooses_the_category_kid_bookshelves()[pri:5, instance:testCases.TC_02_conditions@55183b20]" started-at="2024-02-29T15:16:41 IST" name="chooses_the_category_kid_bookshelves" finished-at="2024-02-29T15:16:45 IST" duration-ms="3377" status="PASS">
          <reporter-output>
          </reporter-output>
        </test-method> <!-- chooses_the_category_kid_bookshelves -->
        <test-method signature="exclude_out_of_stock()[pri:6, instance:testCases.TC_02_conditions@55183b20]" started-at="2024-02-29T15:16:45 IST" name="exclude_out_of_stock" finished-at="2024-02-29T15:16:48 IST" duration-ms="3179" status="PASS">
          <reporter-output>
          </reporter-output>
        </test-method> <!-- exclude_out_of_stock -->
        <test-method signature="sorts_by_price_high_to_low()[pri:7, instance:testCases.TC_02_conditions@55183b20]" started-at="2024-02-29T15:16:49 IST" name="sorts_by_price_high_to_low" finished-at="2024-02-29T15:16:52 IST" duration-ms="3378" status="PASS">
          <reporter-output>
          </reporter-output>
        </test-method> <!-- sorts_by_price_high_to_low -->
      </class> <!-- testCases.TC_02_conditions -->
      <class name="testCases.TC_06_validation">
        <test-method signature="validate_the_email_id()[pri:16, instance:testCases.TC_06_validation@130d63be]" started-at="2024-02-29T15:17:29 IST" name="validate_the_email_id" finished-at="2024-02-29T15:17:40 IST" duration-ms="11199" status="PASS">
          <reporter-output>
          </reporter-output>
        </test-method> <!-- validate_the_email_id -->
        <test-method signature="the_id_is_not_valid_and_user_gives_correct_email_id()[pri:17, instance:testCases.TC_06_validation@130d63be]" started-at="2024-02-29T15:17:41 IST" name="the_id_is_not_valid_and_user_gives_correct_email_id" finished-at="2024-02-29T15:17:54 IST" duration-ms="13289" status="PASS">
          <reporter-output>
          </reporter-output>
        </test-method> <!-- the_id_is_not_valid_and_user_gives_correct_email_id -->
      </class> <!-- testCases.TC_06_validation -->
      <class name="testCases.TC_05_giftCard">
        <test-method signature="user_clicks_on_gift_cards()[pri:11, instance:testCases.TC_05_giftCard@7d8995e]" started-at="2024-02-29T15:17:02 IST" name="user_clicks_on_gift_cards" finished-at="2024-02-29T15:17:10 IST" duration-ms="7505" status="PASS">
          <reporter-output>
          </reporter-output>
        </test-method> <!-- user_clicks_on_gift_cards -->
        <test-method signature="chooses_birthday_or_anniversary()[pri:12, instance:testCases.TC_05_giftCard@7d8995e]" started-at="2024-02-29T15:17:10 IST" name="chooses_birthday_or_anniversary" finished-at="2024-02-29T15:17:15 IST" duration-ms="5165" status="PASS">
          <reporter-output>
          </reporter-output>
        </test-method> <!-- chooses_birthday_or_anniversary -->
        <test-method signature="enters_the_valid_amount_month_and_date()[pri:13, instance:testCases.TC_05_giftCard@7d8995e]" started-at="2024-02-29T15:17:16 IST" name="enters_the_valid_amount_month_and_date" finished-at="2024-02-29T15:17:20 IST" duration-ms="3780" status="PASS">
          <reporter-output>
          </reporter-output>
        </test-method> <!-- enters_the_valid_amount_month_and_date -->
        <test-method signature="clicks_on_the_next_button()[pri:14, instance:testCases.TC_05_giftCard@7d8995e]" started-at="2024-02-29T15:17:20 IST" name="clicks_on_the_next_button" finished-at="2024-02-29T15:17:23 IST" duration-ms="3133" status="PASS">
          <reporter-output>
          </reporter-output>
        </test-method> <!-- clicks_on_the_next_button -->
        <test-method signature="fills_to_from_details()[pri:15, instance:testCases.TC_05_giftCard@7d8995e]" started-at="2024-02-29T15:17:24 IST" name="fills_to_from_details" finished-at="2024-02-29T15:17:29 IST" duration-ms="5098" status="PASS">
          <reporter-output>
          </reporter-output>
        </test-method> <!-- fills_to_from_details -->
      </class> <!-- testCases.TC_05_giftCard -->
      <class name="testCases.TC_03_getItems">
        <test-method signature="fetch_the_top_three_items_print_all_details_in_console_output()[pri:8, instance:testCases.TC_03_getItems@4f83df68]" started-at="2024-02-29T15:16:53 IST" name="fetch_the_top_three_items_print_all_details_in_console_output" finished-at="2024-02-29T15:16:56 IST" duration-ms="3706" status="PASS">
          <reporter-output>
          </reporter-output>
        </test-method> <!-- fetch_the_top_three_items_print_all_details_in_console_output -->
      </class> <!-- testCases.TC_03_getItems -->
      <class name="testCases.TC_04_living">
        <test-method signature="user_clicks_on_the_living_menu()[pri:9, instance:testCases.TC_04_living@6cf0e0ba]" started-at="2024-02-29T15:16:57 IST" name="user_clicks_on_the_living_menu" finished-at="2024-02-29T15:16:57 IST" duration-ms="193" status="PASS">
          <reporter-output>
          </reporter-output>
        </test-method> <!-- user_clicks_on_the_living_menu -->
        <test-method signature="retrieve_all_items_under_living_storage_sub_menu_and_print_the_same_on_the_console()[pri:10, instance:testCases.TC_04_living@6cf0e0ba]" started-at="2024-02-29T15:16:57 IST" name="retrieve_all_items_under_living_storage_sub_menu_and_print_the_same_on_the_console" finished-at="2024-02-29T15:17:02 IST" duration-ms="4388" status="PASS">
          <reporter-output>
          </reporter-output>
        </test-method> <!-- retrieve_all_items_under_living_storage_sub_menu_and_print_the_same_on_the_console -->
      </class> <!-- testCases.TC_04_living -->
      <class name="testCases.TC_07_confirmDetails">
        <test-method signature="confirm_the_details_in_confirm_details_section()[pri:18, instance:testCases.TC_07_confirmDetails@42a48628]" started-at="2024-02-29T15:17:54 IST" name="confirm_the_details_in_confirm_details_section" finished-at="2024-02-29T15:17:58 IST" duration-ms="3665" status="PASS">
          <reporter-output>
          </reporter-output>
        </test-method> <!-- confirm_the_details_in_confirm_details_section -->
      </class> <!-- testCases.TC_07_confirmDetails -->
      <class name="testCases.TC_01_itemToBeSearched">
        <test-method is-config="true" signature="setup(java.lang.String,java.lang.String)[pri:0, instance:testCases.TC_01_itemToBeSearched@77fbd92c]" started-at="2024-02-29T15:16:10 IST" name="setup" finished-at="2024-02-29T15:16:21 IST" duration-ms="11465" status="PASS">
          <params>
            <param index="0">
              <value>
                <![CDATA[chrome]]>
              </value>
            </param>
            <param index="1">
              <value>
                <![CDATA[https://www.urbanladder.com/]]>
              </value>
            </param>
          </params>
          <reporter-output>
          </reporter-output>
        </test-method> <!-- setup -->
        <test-method signature="openBrowser()[pri:1, instance:testCases.TC_01_itemToBeSearched@77fbd92c]" started-at="2024-02-29T15:16:21 IST" name="openBrowser" finished-at="2024-02-29T15:16:27 IST" duration-ms="5849" status="PASS">
          <reporter-output>
          </reporter-output>
        </test-method> <!-- openBrowser -->
        <test-method signature="getItemName()[pri:2, instance:testCases.TC_01_itemToBeSearched@77fbd92c]" started-at="2024-02-29T15:16:28 IST" name="getItemName" finished-at="2024-02-29T15:16:33 IST" duration-ms="4916" status="PASS">
          <reporter-output>
          </reporter-output>
        </test-method> <!-- getItemName -->
        <test-method signature="closePopUp()[pri:3, instance:testCases.TC_01_itemToBeSearched@77fbd92c]" started-at="2024-02-29T15:16:34 IST" name="closePopUp" finished-at="2024-02-29T15:16:36 IST" duration-ms="2178" status="PASS">
          <reporter-output>
          </reporter-output>
        </test-method> <!-- closePopUp -->
        <test-method is-config="true" signature="closeBrowser()[pri:0, instance:testCases.TC_01_itemToBeSearched@77fbd92c]" started-at="2024-02-29T15:17:58 IST" name="closeBrowser" finished-at="2024-02-29T15:18:00 IST" duration-ms="1286" status="PASS">
          <reporter-output>
          </reporter-output>
        </test-method> <!-- closeBrowser -->
      </class> <!-- testCases.TC_01_itemToBeSearched -->
    </test> <!-- Chrome -->
  </suite> <!-- Suite -->
</testng-results>
