<?xml version="1.0" encoding="UTF-8"?>
<testng-results ignored="12" total="30" passed="17" failed="1" skipped="0">
  <reporter-output>
  </reporter-output>
  <suite started-at="2024-02-29T14:35:11 IST" name="Suite" finished-at="2024-02-29T14:37:10 IST" duration-ms="118625">
    <groups>
      <group name="regression">
        <method signature="TC_01_itemToBeSearched.closePopUp()[pri:3, instance:testCases.TC_01_itemToBeSearched@57a3af25]" name="closePopUp" class="testCases.TC_01_itemToBeSearched"/>
        <method signature="TC_01_itemToBeSearched.getItemName()[pri:2, instance:testCases.TC_01_itemToBeSearched@57a3af25]" name="getItemName" class="testCases.TC_01_itemToBeSearched"/>
        <method signature="TC_01_itemToBeSearched.openBrowser()[pri:1, instance:testCases.TC_01_itemToBeSearched@57a3af25]" name="openBrowser" class="testCases.TC_01_itemToBeSearched"/>
        <method signature="TC_02_conditions.chooses_the_category_kid_bookshelves()[pri:5, instance:testCases.TC_02_conditions@223191a6]" name="chooses_the_category_kid_bookshelves" class="testCases.TC_02_conditions"/>
        <method signature="TC_02_conditions.exclude_out_of_stock()[pri:6, instance:testCases.TC_02_conditions@223191a6]" name="exclude_out_of_stock" class="testCases.TC_02_conditions"/>
        <method signature="TC_02_conditions.select_the_price_range_below_fifteen_thousand()[pri:4, instance:testCases.TC_02_conditions@223191a6]" name="select_the_price_range_below_fifteen_thousand" class="testCases.TC_02_conditions"/>
        <method signature="TC_02_conditions.sorts_by_price_high_to_low()[pri:7, instance:testCases.TC_02_conditions@223191a6]" name="sorts_by_price_high_to_low" class="testCases.TC_02_conditions"/>
        <method signature="TC_03_getItems.fetch_the_top_three_items_print_all_details_in_console_output()[pri:8, instance:testCases.TC_03_getItems@6069db50]" name="fetch_the_top_three_items_print_all_details_in_console_output" class="testCases.TC_03_getItems"/>
        <method signature="TC_04_living.retrieve_all_items_under_living_storage_sub_menu_and_print_the_same_on_the_console()[pri:10, instance:testCases.TC_04_living@4efbca5a]" name="retrieve_all_items_under_living_storage_sub_menu_and_print_the_same_on_the_console" class="testCases.TC_04_living"/>
        <method signature="TC_04_living.user_clicks_on_the_living_menu()[pri:9, instance:testCases.TC_04_living@4efbca5a]" name="user_clicks_on_the_living_menu" class="testCases.TC_04_living"/>
        <method signature="TC_05_giftCard.chooses_birthday_or_anniversary()[pri:12, instance:testCases.TC_05_giftCard@1b7cc17c]" name="chooses_birthday_or_anniversary" class="testCases.TC_05_giftCard"/>
        <method signature="TC_05_giftCard.enters_the_valid_amount_month_and_date()[pri:13, instance:testCases.TC_05_giftCard@1b7cc17c]" name="enters_the_valid_amount_month_and_date" class="testCases.TC_05_giftCard"/>
        <method signature="TC_05_giftCard.fills_to_from_details()[pri:15, instance:testCases.TC_05_giftCard@1b7cc17c]" name="fills_to_from_details" class="testCases.TC_05_giftCard"/>
        <method signature="TC_06_validation.the_id_is_not_valid_and_user_gives_correct_email_id()[pri:17, instance:testCases.TC_06_validation@59662a0b]" name="the_id_is_not_valid_and_user_gives_correct_email_id" class="testCases.TC_06_validation"/>
        <method signature="TC_06_validation.validate_the_email_id()[pri:16, instance:testCases.TC_06_validation@59662a0b]" name="validate_the_email_id" class="testCases.TC_06_validation"/>
        <method signature="TC_07_confirmDetails.confirm_the_details_in_confirm_details_section()[pri:18, instance:testCases.TC_07_confirmDetails@77fbd92c]" name="confirm_the_details_in_confirm_details_section" class="testCases.TC_07_confirmDetails"/>
      </group> <!-- regression -->
      <group name="smoke">
        <method signature="TC_01_itemToBeSearched.openBrowser()[pri:1, instance:testCases.TC_01_itemToBeSearched@57a3af25]" name="openBrowser" class="testCases.TC_01_itemToBeSearched"/>
        <method signature="TC_05_giftCard.clicks_on_the_next_button()[pri:14, instance:testCases.TC_05_giftCard@1b7cc17c]" name="clicks_on_the_next_button" class="testCases.TC_05_giftCard"/>
        <method signature="TC_05_giftCard.fills_to_from_details()[pri:15, instance:testCases.TC_05_giftCard@1b7cc17c]" name="fills_to_from_details" class="testCases.TC_05_giftCard"/>
        <method signature="TC_05_giftCard.user_clicks_on_gift_cards()[pri:11, instance:testCases.TC_05_giftCard@1b7cc17c]" name="user_clicks_on_gift_cards" class="testCases.TC_05_giftCard"/>
        <method signature="TC_07_confirmDetails.confirm_the_details_in_confirm_details_section()[pri:18, instance:testCases.TC_07_confirmDetails@77fbd92c]" name="confirm_the_details_in_confirm_details_section" class="testCases.TC_07_confirmDetails"/>
      </group> <!-- smoke -->
    </groups>
    <test started-at="2024-02-29T14:35:11 IST" name="Chrome" finished-at="2024-02-29T14:37:10 IST" duration-ms="118625">
      <class name="testCases.TC_02_conditions">
        <test-method signature="select_the_price_range_below_fifteen_thousand()[pri:4, instance:testCases.TC_02_conditions@223191a6]" started-at="2024-02-29T14:35:37 IST" name="select_the_price_range_below_fifteen_thousand" finished-at="2024-02-29T14:35:41 IST" duration-ms="4338" status="PASS">
          <reporter-output>
          </reporter-output>
        </test-method> <!-- select_the_price_range_below_fifteen_thousand -->
        <test-method signature="chooses_the_category_kid_bookshelves()[pri:5, instance:testCases.TC_02_conditions@223191a6]" started-at="2024-02-29T14:35:42 IST" name="chooses_the_category_kid_bookshelves" finished-at="2024-02-29T14:35:45 IST" duration-ms="3418" status="PASS">
          <reporter-output>
          </reporter-output>
        </test-method> <!-- chooses_the_category_kid_bookshelves -->
        <test-method signature="exclude_out_of_stock()[pri:6, instance:testCases.TC_02_conditions@223191a6]" started-at="2024-02-29T14:35:46 IST" name="exclude_out_of_stock" finished-at="2024-02-29T14:35:49 IST" duration-ms="3216" status="PASS">
          <reporter-output>
          </reporter-output>
        </test-method> <!-- exclude_out_of_stock -->
        <test-method signature="sorts_by_price_high_to_low()[pri:7, instance:testCases.TC_02_conditions@223191a6]" started-at="2024-02-29T14:35:49 IST" name="sorts_by_price_high_to_low" finished-at="2024-02-29T14:36:03 IST" duration-ms="13315" status="FAIL">
          <exception class="org.openqa.selenium.ElementNotInteractableException">
            <message>
              <![CDATA[element not interactable
  (Session info: chrome=120.0.6099.130)
Build info: version: '4.15.0', revision: '1d14b5521b'
System info: os.name: 'Windows 11', os.arch: 'amd64', os.version: '10.0', java.version: '17.0.2'
Driver info: org.openqa.selenium.chrome.ChromeDriver
Command: [b10d50e27053ff92dfc174a49f5c454c, clickElement {id=9D1E0E8ABD38C8D02472433906D66BD8_element_185}]
Capabilities {acceptInsecureCerts: false, browserName: chrome, browserVersion: 120.0.6099.130, chrome: {chromedriverVersion: 120.0.6099.109 (3419140ab66..., userDataDir: C:\Windows\SystemTemp\scope...}, fedcm:accounts: true, goog:chromeOptions: {debuggerAddress: localhost:57441}, networkConnectionEnabled: false, pageLoadStrategy: normal, platformName: windows, proxy: Proxy(), se:cdp: ws://localhost:57441/devtoo..., se:cdpVersion: 120.0.6099.130, setWindowRect: true, strictFileInteractability: false, timeouts: {implicit: 0, pageLoad: 300000, script: 30000}, unhandledPromptBehavior: dismiss and notify, webauthn:extension:credBlob: true, webauthn:extension:largeBlob: true, webauthn:extension:minPinLength: true, webauthn:extension:prf: true, webauthn:virtualAuthenticators: true}
Element: [[ChromeDriver: chrome on windows (b10d50e27053ff92dfc174a49f5c454c)] -> xpath: //*[@id="search-results"]/div[2]/div[1]/div/div/div/div/div[2]/div[2]/div/div/ul/li[3]]
Session ID: b10d50e27053ff92dfc174a49f5c454c]]>
            </message>
            <full-stacktrace>
              <![CDATA[org.openqa.selenium.ElementNotInteractableException: element not interactable
  (Session info: chrome=120.0.6099.130)
Build info: version: '4.15.0', revision: '1d14b5521b'
System info: os.name: 'Windows 11', os.arch: 'amd64', os.version: '10.0', java.version: '17.0.2'
Driver info: org.openqa.selenium.chrome.ChromeDriver
Command: [b10d50e27053ff92dfc174a49f5c454c, clickElement {id=9D1E0E8ABD38C8D02472433906D66BD8_element_185}]
Capabilities {acceptInsecureCerts: false, browserName: chrome, browserVersion: 120.0.6099.130, chrome: {chromedriverVersion: 120.0.6099.109 (3419140ab66..., userDataDir: C:\Windows\SystemTemp\scope...}, fedcm:accounts: true, goog:chromeOptions: {debuggerAddress: localhost:57441}, networkConnectionEnabled: false, pageLoadStrategy: normal, platformName: windows, proxy: Proxy(), se:cdp: ws://localhost:57441/devtoo..., se:cdpVersion: 120.0.6099.130, setWindowRect: true, strictFileInteractability: false, timeouts: {implicit: 0, pageLoad: 300000, script: 30000}, unhandledPromptBehavior: dismiss and notify, webauthn:extension:credBlob: true, webauthn:extension:largeBlob: true, webauthn:extension:minPinLength: true, webauthn:extension:prf: true, webauthn:virtualAuthenticators: true}
Element: [[ChromeDriver: chrome on windows (b10d50e27053ff92dfc174a49f5c454c)] -> xpath: //*[@id="search-results"]/div[2]/div[1]/div/div/div/div/div[2]/div[2]/div/div/ul/li[3]]
Session ID: b10d50e27053ff92dfc174a49f5c454c
at java.base/jdk.internal.reflect.NativeConstructorAccessorImpl.newInstance0(Native Method)
at java.base/jdk.internal.reflect.NativeConstructorAccessorImpl.newInstance(NativeConstructorAccessorImpl.java:77)
at java.base/jdk.internal.reflect.DelegatingConstructorAccessorImpl.newInstance(DelegatingConstructorAccessorImpl.java:45)
at java.base/java.lang.reflect.Constructor.newInstanceWithCaller(Constructor.java:499)
at java.base/java.lang.reflect.Constructor.newInstance(Constructor.java:480)
at org.openqa.selenium.remote.codec.w3c.W3CHttpResponseCodec.createException(W3CHttpResponseCodec.java:200)
at org.openqa.selenium.remote.codec.w3c.W3CHttpResponseCodec.decode(W3CHttpResponseCodec.java:133)
at org.openqa.selenium.remote.codec.w3c.W3CHttpResponseCodec.decode(W3CHttpResponseCodec.java:52)
at org.openqa.selenium.remote.HttpCommandExecutor.execute(HttpCommandExecutor.java:191)
at org.openqa.selenium.remote.service.DriverCommandExecutor.invokeExecute(DriverCommandExecutor.java:200)
at org.openqa.selenium.remote.service.DriverCommandExecutor.execute(DriverCommandExecutor.java:175)
at org.openqa.selenium.remote.RemoteWebDriver.execute(RemoteWebDriver.java:607)
at org.openqa.selenium.remote.RemoteWebElement.execute(RemoteWebElement.java:224)
at org.openqa.selenium.remote.RemoteWebElement.click(RemoteWebElement.java:77)
at java.base/jdk.internal.reflect.NativeMethodAccessorImpl.invoke0(Native Method)
at java.base/jdk.internal.reflect.NativeMethodAccessorImpl.invoke(NativeMethodAccessorImpl.java:77)
at java.base/jdk.internal.reflect.DelegatingMethodAccessorImpl.invoke(DelegatingMethodAccessorImpl.java:43)
at java.base/java.lang.reflect.Method.invoke(Method.java:568)
at org.openqa.selenium.support.pagefactory.internal.LocatingElementHandler.invoke(LocatingElementHandler.java:51)
at jdk.proxy2/jdk.proxy2.$Proxy16.click(Unknown Source)
at PageObject.HomePage.selectRange(HomePage.java:100)
at testCases.TC_02_conditions.sorts_by_price_high_to_low(TC_02_conditions.java:42)
at java.base/jdk.internal.reflect.NativeMethodAccessorImpl.invoke0(Native Method)
at java.base/jdk.internal.reflect.NativeMethodAccessorImpl.invoke(NativeMethodAccessorImpl.java:77)
at java.base/jdk.internal.reflect.DelegatingMethodAccessorImpl.invoke(DelegatingMethodAccessorImpl.java:43)
at java.base/java.lang.reflect.Method.invoke(Method.java:568)
at org.testng.internal.MethodInvocationHelper.invokeMethod(MethodInvocationHelper.java:133)
at org.testng.internal.TestInvoker.invokeMethod(TestInvoker.java:598)
at org.testng.internal.TestInvoker.invokeTestMethod(TestInvoker.java:173)
at org.testng.internal.MethodRunner.runInSequence(MethodRunner.java:46)
at org.testng.internal.TestInvoker$MethodInvocationAgent.invoke(TestInvoker.java:824)
at org.testng.internal.TestInvoker.invokeTestMethods(TestInvoker.java:146)
at org.testng.internal.TestMethodWorker.invokeTestMethods(TestMethodWorker.java:146)
at org.testng.internal.TestMethodWorker.run(TestMethodWorker.java:128)
at java.base/java.util.ArrayList.forEach(ArrayList.java:1511)
at org.testng.TestRunner.privateRun(TestRunner.java:794)
at org.testng.TestRunner.run(TestRunner.java:596)
at org.testng.SuiteRunner.runTest(SuiteRunner.java:377)
at org.testng.SuiteRunner.runSequentially(SuiteRunner.java:371)
at org.testng.SuiteRunner.privateRun(SuiteRunner.java:332)
at org.testng.SuiteRunner.run(SuiteRunner.java:276)
at org.testng.SuiteRunnerWorker.runSuite(SuiteRunnerWorker.java:53)
at org.testng.SuiteRunnerWorker.run(SuiteRunnerWorker.java:96)
at org.testng.TestNG.runSuitesSequentially(TestNG.java:1212)
at org.testng.TestNG.runSuitesLocally(TestNG.java:1134)
at org.testng.TestNG.runSuites(TestNG.java:1063)
at org.testng.TestNG.run(TestNG.java:1031)
at org.testng.remote.AbstractRemoteTestNG.run(AbstractRemoteTestNG.java:115)
at org.testng.remote.RemoteTestNG.initAndRun(RemoteTestNG.java:251)
at org.testng.remote.RemoteTestNG.main(RemoteTestNG.java:77)
]]>
            </full-stacktrace>
          </exception> <!-- org.openqa.selenium.ElementNotInteractableException -->
          <reporter-output>
          </reporter-output>
        </test-method> <!-- sorts_by_price_high_to_low -->
      </class> <!-- testCases.TC_02_conditions -->
      <class name="testCases.TC_06_validation">
        <test-method signature="validate_the_email_id()[pri:16, instance:testCases.TC_06_validation@59662a0b]" started-at="2024-02-29T14:36:39 IST" name="validate_the_email_id" finished-at="2024-02-29T14:36:50 IST" duration-ms="11225" status="PASS">
          <reporter-output>
          </reporter-output>
        </test-method> <!-- validate_the_email_id -->
        <test-method signature="the_id_is_not_valid_and_user_gives_correct_email_id()[pri:17, instance:testCases.TC_06_validation@59662a0b]" started-at="2024-02-29T14:36:50 IST" name="the_id_is_not_valid_and_user_gives_correct_email_id" finished-at="2024-02-29T14:37:04 IST" duration-ms="13438" status="PASS">
          <reporter-output>
          </reporter-output>
        </test-method> <!-- the_id_is_not_valid_and_user_gives_correct_email_id -->
      </class> <!-- testCases.TC_06_validation -->
      <class name="testCases.TC_05_giftCard">
        <test-method signature="user_clicks_on_gift_cards()[pri:11, instance:testCases.TC_05_giftCard@1b7cc17c]" started-at="2024-02-29T14:36:12 IST" name="user_clicks_on_gift_cards" finished-at="2024-02-29T14:36:20 IST" duration-ms="7487" status="PASS">
          <reporter-output>
          </reporter-output>
        </test-method> <!-- user_clicks_on_gift_cards -->
        <test-method signature="chooses_birthday_or_anniversary()[pri:12, instance:testCases.TC_05_giftCard@1b7cc17c]" started-at="2024-02-29T14:36:20 IST" name="chooses_birthday_or_anniversary" finished-at="2024-02-29T14:36:25 IST" duration-ms="5181" status="PASS">
          <reporter-output>
          </reporter-output>
        </test-method> <!-- chooses_birthday_or_anniversary -->
        <test-method signature="enters_the_valid_amount_month_and_date()[pri:13, instance:testCases.TC_05_giftCard@1b7cc17c]" started-at="2024-02-29T14:36:26 IST" name="enters_the_valid_amount_month_and_date" finished-at="2024-02-29T14:36:30 IST" duration-ms="3753" status="PASS">
          <reporter-output>
          </reporter-output>
        </test-method> <!-- enters_the_valid_amount_month_and_date -->
        <test-method signature="clicks_on_the_next_button()[pri:14, instance:testCases.TC_05_giftCard@1b7cc17c]" started-at="2024-02-29T14:36:30 IST" name="clicks_on_the_next_button" finished-at="2024-02-29T14:36:33 IST" duration-ms="3127" status="PASS">
          <reporter-output>
          </reporter-output>
        </test-method> <!-- clicks_on_the_next_button -->
        <test-method signature="fills_to_from_details()[pri:15, instance:testCases.TC_05_giftCard@1b7cc17c]" started-at="2024-02-29T14:36:34 IST" name="fills_to_from_details" finished-at="2024-02-29T14:36:38 IST" duration-ms="4809" status="PASS">
          <reporter-output>
          </reporter-output>
        </test-method> <!-- fills_to_from_details -->
      </class> <!-- testCases.TC_05_giftCard -->
      <class name="testCases.TC_03_getItems">
        <test-method signature="fetch_the_top_three_items_print_all_details_in_console_output()[pri:8, instance:testCases.TC_03_getItems@6069db50]" started-at="2024-02-29T14:36:03 IST" name="fetch_the_top_three_items_print_all_details_in_console_output" finished-at="2024-02-29T14:36:06 IST" duration-ms="3718" status="PASS">
          <reporter-output>
          </reporter-output>
        </test-method> <!-- fetch_the_top_three_items_print_all_details_in_console_output -->
      </class> <!-- testCases.TC_03_getItems -->
      <class name="testCases.TC_04_living">
        <test-method signature="user_clicks_on_the_living_menu()[pri:9, instance:testCases.TC_04_living@4efbca5a]" started-at="2024-02-29T14:36:07 IST" name="user_clicks_on_the_living_menu" finished-at="2024-02-29T14:36:07 IST" duration-ms="191" status="PASS">
          <reporter-output>
          </reporter-output>
        </test-method> <!-- user_clicks_on_the_living_menu -->
        <test-method signature="retrieve_all_items_under_living_storage_sub_menu_and_print_the_same_on_the_console()[pri:10, instance:testCases.TC_04_living@4efbca5a]" started-at="2024-02-29T14:36:08 IST" name="retrieve_all_items_under_living_storage_sub_menu_and_print_the_same_on_the_console" finished-at="2024-02-29T14:36:12 IST" duration-ms="4165" status="PASS">
          <reporter-output>
          </reporter-output>
        </test-method> <!-- retrieve_all_items_under_living_storage_sub_menu_and_print_the_same_on_the_console -->
      </class> <!-- testCases.TC_04_living -->
      <class name="testCases.TC_01_itemToBeSearched">
        <test-method is-config="true" signature="setup(java.lang.String,java.lang.String)[pri:0, instance:testCases.TC_01_itemToBeSearched@57a3af25]" started-at="2024-02-29T14:35:12 IST" name="setup" finished-at="2024-02-29T14:35:23 IST" duration-ms="11243" status="PASS">
          <params>
            <param index="0">
              <value>
                <![CDATA[chrome]]>
              </value>
            </param>
            <param index="1">
              <value>
                <![CDATA[https://www.urbanladder.com/]]>
              </value>
            </param>
          </params>
          <reporter-output>
          </reporter-output>
        </test-method> <!-- setup -->
        <test-method signature="openBrowser()[pri:1, instance:testCases.TC_01_itemToBeSearched@57a3af25]" started-at="2024-02-29T14:35:23 IST" name="openBrowser" finished-at="2024-02-29T14:35:28 IST" duration-ms="5205" status="PASS">
          <reporter-output>
          </reporter-output>
        </test-method> <!-- openBrowser -->
        <test-method signature="getItemName()[pri:2, instance:testCases.TC_01_itemToBeSearched@57a3af25]" started-at="2024-02-29T14:35:29 IST" name="getItemName" finished-at="2024-02-29T14:35:34 IST" duration-ms="4658" status="PASS">
          <reporter-output>
          </reporter-output>
        </test-method> <!-- getItemName -->
        <test-method signature="closePopUp()[pri:3, instance:testCases.TC_01_itemToBeSearched@57a3af25]" started-at="2024-02-29T14:35:34 IST" name="closePopUp" finished-at="2024-02-29T14:35:36 IST" duration-ms="2200" status="PASS">
          <reporter-output>
          </reporter-output>
        </test-method> <!-- closePopUp -->
        <test-method is-config="true" signature="closeBrowser()[pri:0, instance:testCases.TC_01_itemToBeSearched@57a3af25]" started-at="2024-02-29T14:37:08 IST" name="closeBrowser" finished-at="2024-02-29T14:37:10 IST" duration-ms="1170" status="PASS">
          <reporter-output>
          </reporter-output>
        </test-method> <!-- closeBrowser -->
      </class> <!-- testCases.TC_01_itemToBeSearched -->
      <class name="testCases.TC_07_confirmDetails">
        <test-method signature="confirm_the_details_in_confirm_details_section()[pri:18, instance:testCases.TC_07_confirmDetails@77fbd92c]" started-at="2024-02-29T14:37:04 IST" name="confirm_the_details_in_confirm_details_section" finished-at="2024-02-29T14:37:08 IST" duration-ms="3814" status="PASS">
          <reporter-output>
          </reporter-output>
        </test-method> <!-- confirm_the_details_in_confirm_details_section -->
      </class> <!-- testCases.TC_07_confirmDetails -->
    </test> <!-- Chrome -->
  </suite> <!-- Suite -->
</testng-results>
